<?xml version="1.0" encoding="UTF-8"?>
<testng-results ignored="0" total="1" passed="1" failed="0" skipped="0">
  <reporter-output>
  </reporter-output>
  <suite started-at="2022-07-02T12:27:19 IST" name="Default suite" finished-at="2022-07-02T12:27:30 IST" duration-ms="11043">
    <groups>
    </groups>
    <test started-at="2022-07-02T12:27:19 IST" name="Default test" finished-at="2022-07-02T12:27:30 IST" duration-ms="11043">
      <class name="com.qa.testLayer.LoginTest">
        <test-method is-config="true" signature="browser()[pri:0, instance:com.qa.testLayer.LoginTest@2b71e916]" started-at="2022-07-02T12:27:19 IST" name="browser" finished-at="2022-07-02T12:27:29 IST" duration-ms="9969" status="PASS">
          <reporter-output>
          </reporter-output>
        </test-method> <!-- browser -->
        <test-method signature="verifyLogin()[pri:0, instance:com.qa.testLayer.LoginTest@2b71e916]" started-at="2022-07-02T12:27:29 IST" name="verifyLogin" finished-at="2022-07-02T12:27:30 IST" duration-ms="638" status="PASS">
          <reporter-output>
          </reporter-output>
        </test-method> <!-- verifyLogin -->
        <test-method is-config="true" signature="turnOff()[pri:0, instance:com.qa.testLayer.LoginTest@2b71e916]" started-at="2022-07-02T12:27:30 IST" name="turnOff" finished-at="2022-07-02T12:27:30 IST" duration-ms="373" status="PASS">
          <reporter-output>
          </reporter-output>
        </test-method> <!-- turnOff -->
      </class> <!-- com.qa.testLayer.LoginTest -->
    </test> <!-- Default test -->
  </suite> <!-- Default suite -->
</testng-results>
